2024-09-10 02:09:53,614:INFO:Connected to Ethereum Node
2024-09-10 02:09:53,937:INFO:Tracking deposits from block 20715495
2024-09-10 02:09:54,202:INFO:Checking block 20715495...
2024-09-10 02:09:54,482:INFO:Transaction to address: 0x00000000A991C429eE2Ec6df19d40fe0c80088B8
2024-09-10 02:09:54,751:INFO:Transaction to address: 0x3fC91A3afd70395Cd496C647d5a6CC9D4B2b7FAD
2024-09-10 02:09:55,023:INFO:Transaction to address: 0x3fC91A3afd70395Cd496C647d5a6CC9D4B2b7FAD
2024-09-10 02:09:55,317:INFO:Transaction to address: 0x00000000A991C429eE2Ec6df19d40fe0c80088B8
2024-09-10 02:09:55,613:INFO:Transaction to address: 0x80a64c6D7f12C47B7c66c5B4E20E72bc1FCd5d9e
2024-09-10 02:09:55,871:INFO:Transaction to address: 0x5DDf30555EE9545c8982626B7E3B6F70e5c2635f
2024-09-10 02:09:56,132:INFO:Transaction to address: 0x80a64c6D7f12C47B7c66c5B4E20E72bc1FCd5d9e
2024-09-10 02:09:56,387:INFO:Transaction to address: 0x7a250d5630B4cF539739dF2C5dAcb4c659F2488D
2024-09-10 02:09:56,738:INFO:Transaction to address: 0x3fC91A3afd70395Cd496C647d5a6CC9D4B2b7FAD
2024-09-10 02:09:57,008:INFO:Transaction to address: 0x01bD2da640345F1C29831B7CEf9a434298408172
2024-09-10 02:09:57,275:INFO:Transaction to address: 0x6F1cDbBb4d53d226CF4B917bF768B94acbAB6168
2024-09-10 02:09:57,531:INFO:Transaction to address: 0x80a64c6D7f12C47B7c66c5B4E20E72bc1FCd5d9e
2024-09-10 02:09:57,787:INFO:Transaction to address: 0x80a64c6D7f12C47B7c66c5B4E20E72bc1FCd5d9e
2024-09-10 02:09:58,048:INFO:Transaction to address: 0x80a64c6D7f12C47B7c66c5B4E20E72bc1FCd5d9e
2024-09-10 02:09:58,293:INFO:Transaction to address: 0x881D40237659C251811CEC9c364ef91dC08D300C
2024-09-10 02:09:58,554:INFO:Transaction to address: 0x5C257aAD671eb330c35B041Ef2b488c0d8CBE9C0
2024-09-10 02:09:58,816:INFO:Transaction to address: 0xF29eF62F877DECC815C9b22B3470cBE0354c23e0
2024-09-10 02:09:59,074:INFO:Transaction to address: 0xf939E0A03FB07F59A73314E73794Be0E57ac1b4E
2024-09-10 02:09:59,328:INFO:Transaction to address: 0x881D40237659C251811CEC9c364ef91dC08D300C
2024-09-10 02:09:59,594:INFO:Transaction to address: 0x881D40237659C251811CEC9c364ef91dC08D300C
2024-09-10 02:09:59,844:INFO:Transaction to address: 0x3fC91A3afd70395Cd496C647d5a6CC9D4B2b7FAD
2024-09-10 02:10:00,106:INFO:Transaction to address: 0xe6b1DE575e7e610889ea21024834e120f92033a3
2024-09-10 02:10:00,370:INFO:Transaction to address: 0x8aeBF766fC6b1199d85C8257c847A1D98682121A
2024-09-10 02:10:00,629:INFO:Transaction to address: 0xE7351Fd770A37282b91D153Ee690B63579D6dd7f
2024-09-10 02:10:00,920:INFO:Transaction to address: 0x7946a4bC596E0172C4f7FcC5A1da3A019EF85eB9
2024-09-10 13:50:03,956:INFO:Connected to Ethereum Node
2024-09-10 13:50:04,264:INFO:Tracking deposits from block 20718977
2024-09-10 13:50:04,546:INFO:Checking block 20718977...
2024-09-10 13:50:04,837:INFO:Transaction to address: 0xC55EdDadEeB47fcDE0B3B6f25BD47D745BA7E7fa
2024-09-10 13:50:05,112:INFO:Transaction to address: 0xdAC17F958D2ee523a2206206994597C13D831ec7
2024-09-10 13:50:05,390:INFO:Transaction to address: 0xa00453052A36D43A99Ac1ca145DFe4A952cA33B8
2024-09-10 13:50:05,677:INFO:Transaction to address: 0xB01cb49fe0D6D6E47EDf3A072d15dfe73155331C
2024-09-10 13:50:06,002:INFO:Transaction to address: 0xdAC17F958D2ee523a2206206994597C13D831ec7
2024-09-10 13:50:06,269:INFO:Transaction to address: 0x78190e8bdA0b60dCF097DAE42ECD6F0aFB223CB4
2024-09-10 13:50:06,547:INFO:Transaction to address: 0x163f8C2467924be0ae7B5347228CABF260318753
2024-09-10 13:50:06,806:INFO:Transaction to address: 0xFf00000000000000000000000000000000008453
2024-09-10 13:50:07,091:INFO:Transaction to address: 0x7D1AfA7B718fb893dB30A3aBc0Cfc608AaCfeBB0
2024-09-10 13:50:07,373:INFO:Transaction to address: 0xdAC17F958D2ee523a2206206994597C13D831ec7
2024-09-10 13:50:07,642:INFO:Transaction to address: 0x7D1AfA7B718fb893dB30A3aBc0Cfc608AaCfeBB0
2024-09-10 13:50:07,918:INFO:Transaction to address: 0xD37BbE5744D730a1d98d8DC97c42F0Ca46aD7146
2024-09-10 13:50:08,248:INFO:Transaction to address: 0xd6B60B3A7A0F8362E0396062aC647205438Eab34
2024-09-10 13:50:08,534:INFO:Transaction to address: 0xdAC17F958D2ee523a2206206994597C13D831ec7
2024-09-10 13:50:08,804:INFO:Transaction to address: 0xeD65047D6845c3da069572D9678ed9AD0EF54464
2024-09-10 13:50:09,093:INFO:Transaction to address: 0x5000C886438133d5FBF4275b972Ea7230Dc4b7a5
2024-09-10 13:50:09,356:INFO:Transaction to address: 0xdAC17F958D2ee523a2206206994597C13D831ec7
2024-09-10 13:50:09,629:INFO:Transaction to address: 0xdAC17F958D2ee523a2206206994597C13D831ec7
2024-09-10 13:50:09,925:INFO:Transaction to address: 0x06cFD0e8FF0Be9f38E1f6b6EE5535C7A817C95d2
2024-09-10 13:50:10,197:INFO:Transaction to address: 0x9D755ccBCb5A74918DF5b541d88e857136766145
2024-09-10 13:50:10,485:INFO:Transaction to address: 0xEc35F528d93513B52c8db06Ffd169F6D9FF7276C
2024-09-10 13:50:10,759:INFO:Transaction to address: 0xEc35F528d93513B52c8db06Ffd169F6D9FF7276C
2024-09-10 13:50:11,033:INFO:Transaction to address: 0xEc35F528d93513B52c8db06Ffd169F6D9FF7276C
2024-09-10 13:50:11,310:INFO:Transaction to address: 0xEc35F528d93513B52c8db06Ffd169F6D9FF7276C
2024-09-10 13:50:11,603:INFO:Transaction to address: 0xDDB3422497E61e13543BeA06989C0789117555c5
2024-09-10 13:50:11,892:INFO:Transaction to address: 0xEc35F528d93513B52c8db06Ffd169F6D9FF7276C
2024-09-10 13:50:12,203:INFO:Transaction to address: 0xEc35F528d93513B52c8db06Ffd169F6D9FF7276C
2024-09-10 13:50:12,477:INFO:Transaction to address: 0x33a4facb912F99de0423DEa7746CFE77E0CAaeBB
2024-09-10 13:50:12,763:INFO:Transaction to address: 0xF3dE3C0d654FDa23daD170f0f320a92172509127
2024-09-10 13:50:13,032:INFO:Transaction to address: 0xaE25ea4Cc185585Fa6abf344F3354bf8207Cd7D1
2024-09-10 13:50:13,332:INFO:Transaction to address: 0xE9DcbaCc91dB0e37562a8455c80d0734D7CF3bd1
2024-09-10 13:50:13,612:INFO:Transaction to address: 0x1247efb8Ce4804606bC828495dBE9CbD43c7C296
2024-09-10 13:50:13,907:INFO:Transaction to address: 0x0D62e8bf3C008bcb8BCf239b6Ca5B46d7C8055eb
2024-09-10 13:50:14,176:INFO:Transaction to address: 0x29BFe5c55EDF2C5CDec5f19BB873C4FD2d2954F9
2024-09-10 13:50:14,451:INFO:Transaction to address: 0x3fC91A3afd70395Cd496C647d5a6CC9D4B2b7FAD
2024-09-10 13:50:14,729:INFO:Transaction to address: 0xfF00000000000000000000000000000000000255
2024-09-10 13:50:15,012:INFO:Transaction to address: 0xA1b6802506f96d294A73991e42DbE1586261fA9C
2024-09-10 13:50:15,278:INFO:Transaction to address: 0x37d49e60493534B0c27C27A0c320fae1825a2191
2024-09-10 13:50:15,563:INFO:Transaction to address: 0x8Bb2FE7772a0a886883c1D496f9be6eD92c08A8B
2024-09-10 13:50:15,823:INFO:Transaction to address: 0xeA1A6307D9b18F8d1cbf1c3Dd6aad8416C06a221
2024-09-10 13:50:16,107:INFO:Transaction to address: 0xA0473bbc1f9347A97D8C580B448F6DDfCA38d4cc
2024-09-10 13:50:16,381:INFO:Transaction to address: 0x95aD61b0a150d79219dCF64E1E6Cc01f0B64C4cE
2024-09-10 13:50:16,687:INFO:Transaction to address: 0x992493fc9380129BA7033F1166d5245fc29FfCDe
2024-09-10 13:50:16,977:INFO:Transaction to address: 0x93F671fBF788391fdc7Bf0F7F083F84F90E919cf
2024-09-10 13:50:17,260:INFO:Transaction to address: 0x9F63348459410d51eEB8061DB2856D23Cb4bc524
2024-09-10 13:50:17,549:INFO:Transaction to address: 0x332196A5aaE58105b2aF9bdd7C668d811dF7D706
2024-09-10 13:50:17,856:INFO:Transaction to address: 0xdAC17F958D2ee523a2206206994597C13D831ec7
2024-09-10 13:50:18,143:INFO:Transaction to address: 0x4F487AA602e88eB467419a0B85b42a901B5553aE
2024-09-10 13:50:18,433:INFO:Transaction to address: 0xd8e1E8c5Fa2d998A6613105EDCa9e71Ecfa884d9
2024-09-10 13:50:18,720:INFO:Transaction to address: 0xd8e1E8c5Fa2d998A6613105EDCa9e71Ecfa884d9
2024-09-10 13:50:18,982:INFO:Transaction to address: 0xd8e1E8c5Fa2d998A6613105EDCa9e71Ecfa884d9
2024-09-10 13:50:19,266:INFO:Transaction to address: 0xd8e1E8c5Fa2d998A6613105EDCa9e71Ecfa884d9
2024-09-10 13:50:19,552:INFO:Transaction to address: 0xd8e1E8c5Fa2d998A6613105EDCa9e71Ecfa884d9
2024-09-10 13:50:19,815:INFO:Transaction to address: 0xd8e1E8c5Fa2d998A6613105EDCa9e71Ecfa884d9
2024-09-10 13:50:20,084:INFO:Transaction to address: 0xd8e1E8c5Fa2d998A6613105EDCa9e71Ecfa884d9
2024-09-10 13:50:20,367:INFO:Transaction to address: 0xd8e1E8c5Fa2d998A6613105EDCa9e71Ecfa884d9
2024-09-10 13:50:20,662:INFO:Transaction to address: 0x0E88da5a19b9747AC3f464B7620EB9Ef01430511
2024-09-10 13:50:20,933:INFO:Transaction to address: 0xdAC17F958D2ee523a2206206994597C13D831ec7
2024-09-10 13:50:21,201:INFO:Transaction to address: 0x4709F2473bdA1009977302c244e1bEcAB2ae2346
2024-09-10 13:50:21,467:INFO:Transaction to address: 0x86f23Dc674A074d42DB459A92b54a2A76aE5Ef83
2024-09-10 13:50:21,768:INFO:Transaction to address: 0x187fE1a8B76c60b85c00A2819152ff00Ff642386
2024-09-10 13:50:22,048:INFO:Transaction to address: 0x68b3465833fb72A70ecDF485E0e4C7bD8665Fc45
2024-09-10 13:50:22,348:INFO:Transaction to address: 0xb8901acB165ed027E32754E0FFe830802919727f
2024-09-10 13:50:22,634:INFO:Transaction to address: 0xdAC17F958D2ee523a2206206994597C13D831ec7
2024-09-10 13:50:22,913:INFO:Transaction to address: 0x4709F2473bdA1009977302c244e1bEcAB2ae2346
2024-09-10 13:50:23,184:INFO:Transaction to address: 0x4709F2473bdA1009977302c244e1bEcAB2ae2346
2024-09-10 13:50:23,472:INFO:Transaction to address: 0x4709F2473bdA1009977302c244e1bEcAB2ae2346
2024-09-10 13:50:23,747:INFO:Transaction to address: 0x4709F2473bdA1009977302c244e1bEcAB2ae2346
2024-09-10 13:50:24,023:INFO:Transaction to address: 0x4709F2473bdA1009977302c244e1bEcAB2ae2346
2024-09-10 13:50:24,287:INFO:Transaction to address: 0x4709F2473bdA1009977302c244e1bEcAB2ae2346
2024-09-10 21:10:43,973:INFO:Connected to Ethereum Node
2024-09-10 21:10:44,348:INFO:Tracking deposits from block 20721160
2024-09-10 21:10:44,628:INFO:Checking block 20721160...
2024-09-10 21:10:44,908:INFO:Transaction to address: 0xcb4427d5A75DefAE1c606F4fA2AF25C9C88C8CF1
2024-09-10 21:10:45,195:INFO:Transaction to address: 0x7a250d5630B4cF539739dF2C5dAcb4c659F2488D
2024-09-10 21:10:45,853:INFO:Transaction to address: 0xcb4427d5A75DefAE1c606F4fA2AF25C9C88C8CF1
2024-09-10 21:10:46,111:INFO:Transaction to address: 0x369f8BF182D66068ef3f0Da28bF977572CE26C0f
2024-09-10 21:10:46,363:INFO:Transaction to address: 0x3328F7f4A1D1C57c35df56bBf0c9dCAFCA309C49
2024-09-10 21:10:46,624:INFO:Transaction to address: 0xA0b86991c6218b36c1d19D4a2e9Eb0cE3606eB48
2024-09-10 21:10:46,892:INFO:Transaction to address: 0xcb4427d5A75DefAE1c606F4fA2AF25C9C88C8CF1
2024-09-10 21:10:47,185:INFO:Transaction to address: 0x3328F7f4A1D1C57c35df56bBf0c9dCAFCA309C49
2024-09-10 21:10:47,457:INFO:Transaction to address: 0x3328F7f4A1D1C57c35df56bBf0c9dCAFCA309C49
2024-09-10 21:10:48,057:INFO:Transaction to address: 0xED12310d5a37326E6506209C4838146950166760
2024-09-10 21:10:48,327:INFO:Transaction to address: 0x881D40237659C251811CEC9c364ef91dC08D300C
2024-09-10 21:10:48,616:INFO:Transaction to address: 0x278ce085195aF5Fb225EEFf466Ea48a907Df5faB
2024-09-10 21:10:48,902:INFO:Transaction to address: 0x4C6eC08CF3fc987c6C4BEB03184D335A2dFc4042
2024-09-10 21:10:49,188:INFO:Transaction to address: 0x63756A3C3BF677BAAB9D9e06457402ED05BE8570
2024-09-10 21:10:49,457:INFO:Transaction to address: 0x5c9321e92Ba4eb43f2901c4952358e132163a85A
2024-09-10 21:10:49,741:INFO:Transaction to address: 0x7a250d5630B4cF539739dF2C5dAcb4c659F2488D
2024-09-10 21:10:50,019:INFO:Transaction to address: 0x7a250d5630B4cF539739dF2C5dAcb4c659F2488D
2024-09-10 21:10:50,331:INFO:Transaction to address: 0x7a250d5630B4cF539739dF2C5dAcb4c659F2488D
2024-09-10 21:10:50,614:INFO:Transaction to address: 0x7a250d5630B4cF539739dF2C5dAcb4c659F2488D
2024-09-10 21:10:50,905:INFO:Transaction to address: 0x7a250d5630B4cF539739dF2C5dAcb4c659F2488D
2024-09-10 21:10:51,183:INFO:Transaction to address: 0xdAC17F958D2ee523a2206206994597C13D831ec7
2024-09-10 21:10:51,484:INFO:Transaction to address: 0xCcd40e0DbD0C6d01Bf0708337072687ECba9E043
2024-09-10 21:10:51,768:INFO:Transaction to address: 0xCcd40e0DbD0C6d01Bf0708337072687ECba9E043
2024-09-10 21:10:52,032:INFO:Transaction to address: 0x9770662D14B47dB95823e6317E36f20093007C3C
2024-09-10 21:10:52,307:INFO:Transaction to address: 0xCcd40e0DbD0C6d01Bf0708337072687ECba9E043
2024-09-10 21:10:52,611:INFO:Transaction to address: 0xCcd40e0DbD0C6d01Bf0708337072687ECba9E043
2024-09-10 21:10:53,184:INFO:Transaction to address: 0xcb4427d5A75DefAE1c606F4fA2AF25C9C88C8CF1
2024-09-10 21:10:53,482:INFO:Transaction to address: 0xcb4427d5A75DefAE1c606F4fA2AF25C9C88C8CF1
2024-09-10 21:10:53,758:INFO:Transaction to address: 0xcb4427d5A75DefAE1c606F4fA2AF25C9C88C8CF1
2024-09-10 21:10:54,052:INFO:Transaction to address: 0xcb4427d5A75DefAE1c606F4fA2AF25C9C88C8CF1
2024-09-10 21:10:54,322:INFO:Transaction to address: 0xd1d2Eb1B1e90B638588728b4130137D262C87cae
2024-09-10 21:10:54,579:INFO:Transaction to address: 0xdAC17F958D2ee523a2206206994597C13D831ec7
2024-09-10 21:10:54,864:INFO:Transaction to address: 0xdAC17F958D2ee523a2206206994597C13D831ec7
2024-09-10 21:10:55,170:INFO:Transaction to address: 0x45d95f13188f7B1AD233651b1218f1E394c91C11
2024-09-10 21:10:55,447:INFO:Transaction to address: 0x9770662D14B47dB95823e6317E36f20093007C3C
2024-09-10 21:10:55,723:INFO:Transaction to address: 0x5d22045DAcEAB03B158031eCB7D9d06Fad24609b
2024-09-10 21:10:55,991:INFO:Transaction to address: 0x5c7BCd6E7De5423a257D81B442095A1a6ced35C5
2024-09-10 21:10:56,274:INFO:Transaction to address: 0x43Ee35d5542F5B826fa92832bD97CAFF153675A8
2024-09-10 21:10:56,604:INFO:Transaction to address: 0x3fC91A3afd70395Cd496C647d5a6CC9D4B2b7FAD
2024-09-10 21:10:56,878:INFO:Transaction to address: 0xaa95f26e30001251fb905d264Aa7b00eE9dF6C18
2024-09-10 21:10:57,535:INFO:Transaction to address: 0x6B175474E89094C44Da98b954EedeAC495271d0F
2024-09-10 21:10:57,830:INFO:Transaction to address: 0xf951E335afb289353dc249e82926178EaC7DEd78
2024-09-10 21:10:58,079:INFO:Transaction to address: 0x5946aeAAB44e65Eb370FFaa6a7EF2218Cff9b47D
2024-09-10 21:10:58,348:INFO:Transaction to address: 0xdAC17F958D2ee523a2206206994597C13D831ec7
2024-09-10 21:10:58,611:INFO:Transaction to address: 0x2E6a60492fB5b58F5b5D08c7cAFc75e740E6Dc8e
2024-09-10 21:10:58,883:INFO:Transaction to address: 0xA9D1e08C7793af67e9d92fe308d5697FB81d3E43
2024-09-10 21:10:59,163:INFO:Transaction to address: 0xcb4427d5A75DefAE1c606F4fA2AF25C9C88C8CF1
2024-09-10 21:10:59,443:INFO:Transaction to address: 0x57e114B691Db790C35207b2e685D4A43181e6061
2024-09-10 21:10:59,729:INFO:Transaction to address: 0xdAC17F958D2ee523a2206206994597C13D831ec7
2024-09-10 21:10:59,998:INFO:Transaction to address: 0x3fC91A3afd70395Cd496C647d5a6CC9D4B2b7FAD
2024-09-10 21:11:00,301:INFO:Transaction to address: 0x3fC91A3afd70395Cd496C647d5a6CC9D4B2b7FAD
2024-09-10 21:11:00,580:INFO:Transaction to address: 0xD152f549545093347A162Dce210e7293f1452150
2024-09-10 21:11:00,868:INFO:Transaction to address: 0xeBdCe9a913d9400EE75ef31Ce8bd34462D01a1c1
2024-09-10 21:11:01,134:INFO:Transaction to address: 0xd5eC61bCa0Af24Ad06BE431585A0920142C98890
2024-09-10 21:11:01,386:INFO:Transaction to address: 0xdAC17F958D2ee523a2206206994597C13D831ec7
2024-09-10 21:11:01,642:INFO:Transaction to address: 0xA0b86991c6218b36c1d19D4a2e9Eb0cE3606eB48
2024-09-10 21:11:01,891:INFO:Transaction to address: 0x80f0C1c49891dcFDD40b6e0F960F84E6042bcB6F
2024-09-10 21:11:02,170:INFO:Transaction to address: 0x8F003404b347DCea93545176f14e151559150b8d
2024-09-10 21:11:02,446:INFO:Transaction to address: 0x3fC91A3afd70395Cd496C647d5a6CC9D4B2b7FAD
2024-09-10 21:11:02,746:INFO:Transaction to address: 0xA0b86991c6218b36c1d19D4a2e9Eb0cE3606eB48
2024-09-10 21:11:03,008:INFO:Transaction to address: 0xF6b513B779289F960ED55E08303dE5865Ca7C633
2024-09-10 21:11:03,290:INFO:Transaction to address: 0x267be1C1D684F78cb4F6a176C4911b741E4Ffdc0
2024-09-10 21:11:03,602:INFO:Transaction to address: 0x267be1C1D684F78cb4F6a176C4911b741E4Ffdc0
2024-09-10 21:11:03,853:INFO:Transaction to address: 0x877ccBF3F1e824a902B51edB02B0b9dCfaebD2eB
2024-09-10 21:11:04,110:INFO:Transaction to address: 0xd5FBDa4C79F38920159fE5f22DF9655FDe292d47
2024-09-10 21:11:04,388:INFO:Transaction to address: 0xd0C2E8160D5ac198e50EecfFAbe6fc0862fb0e76
2024-09-10 21:11:04,646:INFO:Transaction to address: 0x9709b3AAF78414BdE1605cB5dcF1dE0Cec56Bb64
2024-09-10 21:11:04,958:INFO:Transaction to address: 0xa03400E098F4421b34a3a44A1B4e571419517687
2024-09-10 21:11:05,239:INFO:Transaction to address: 0xdB8D3c1ce611abeC382544aAf9777dFAF3136156
2024-09-10 21:11:05,515:INFO:Transaction to address: 0x3Bf36d228e80aE8878FD48fFF3dC6b835DcAfc8a
2024-09-10 21:11:05,764:INFO:Transaction to address: 0x2A72969cBeEC5A4520BC09172b71C6A0862A38cc
2024-09-10 21:11:06,027:INFO:Transaction to address: 0x34214e968d3c23cA215E2127125B14a26d66809c
2024-09-10 21:11:06,369:INFO:Transaction to address: 0x51bb4c8bb4901d6AA061282cd7Ed916eEc715a29
2024-09-10 21:11:06,638:INFO:Transaction to address: 0xdAC17F958D2ee523a2206206994597C13D831ec7
2024-09-10 21:11:07,011:INFO:Transaction to address: 0xd522d9Ac68C889d785FAA54ADE3296F61fF90134
2024-09-10 21:11:07,280:INFO:Transaction to address: 0xD14a87025109013B0a2354a775cB335F926Af65A
2024-09-10 21:11:07,533:INFO:Transaction to address: 0xcb4427d5A75DefAE1c606F4fA2AF25C9C88C8CF1
2024-09-10 21:11:07,810:INFO:Transaction to address: 0xcb4427d5A75DefAE1c606F4fA2AF25C9C88C8CF1
2024-09-10 21:11:08,074:INFO:Transaction to address: 0xB0999731f7c2581844658A9d2ced1be0077b7397
2024-09-10 21:11:08,333:INFO:Transaction to address: 0xdAC17F958D2ee523a2206206994597C13D831ec7
2024-09-10 21:11:08,609:INFO:Transaction to address: 0xB2E700B0E57Eaa4AfC6e6e8438e4D9747c7b7C35
2024-09-10 21:11:08,890:INFO:Transaction to address: 0x169f767FB887Ec6A5Da4Db791843D46b21DA5b52
2024-09-10 21:11:09,162:INFO:Transaction to address: 0xC9bCa88B04581699fAb5aa276CCafF7Df957cbbf
2024-09-10 21:11:09,441:INFO:Transaction to address: 0xB17548c7B510427baAc4e267BEa62e800b247173
2024-09-10 21:11:09,719:INFO:Transaction to address: 0xdAC17F958D2ee523a2206206994597C13D831ec7
2024-09-10 21:11:10,032:INFO:Transaction to address: 0xdAC17F958D2ee523a2206206994597C13D831ec7
2024-09-10 21:11:10,288:INFO:Transaction to address: 0xdAC17F958D2ee523a2206206994597C13D831ec7
2024-09-10 21:11:10,557:INFO:Transaction to address: 0xA3222357a0eCCF60C73606170be6c99ADeCb59b3
2024-09-10 21:11:11,143:INFO:Transaction to address: 0xF91BBAEBac0109A2222FaEfdC68c045eEE84A6C9
2024-09-10 21:11:11,415:INFO:Transaction to address: 0xdAC17F958D2ee523a2206206994597C13D831ec7
2024-09-10 21:11:11,668:INFO:Transaction to address: 0xcA11bde05977b3631167028862bE2a173976CA11
2024-09-10 21:11:11,927:INFO:Transaction to address: 0xC8D2d20ba67B5836Ba05d161EB4A8a84D7Ee6456
2024-09-10 21:11:12,194:INFO:Transaction to address: 0xC8D2d20ba67B5836Ba05d161EB4A8a84D7Ee6456
2024-09-10 21:11:12,482:INFO:Transaction to address: 0xA0b86991c6218b36c1d19D4a2e9Eb0cE3606eB48
2024-09-10 21:11:12,750:INFO:Transaction to address: 0xA0b86991c6218b36c1d19D4a2e9Eb0cE3606eB48
2024-09-10 21:11:13,035:INFO:Transaction to address: 0xA0b86991c6218b36c1d19D4a2e9Eb0cE3606eB48
2024-09-10 21:11:13,295:INFO:Transaction to address: 0xA0b86991c6218b36c1d19D4a2e9Eb0cE3606eB48
2024-09-10 21:11:13,542:INFO:Transaction to address: 0xA0b86991c6218b36c1d19D4a2e9Eb0cE3606eB48
2024-09-10 21:11:13,808:INFO:Transaction to address: 0xA0b86991c6218b36c1d19D4a2e9Eb0cE3606eB48
2024-09-10 21:11:14,073:INFO:Transaction to address: 0xA0b86991c6218b36c1d19D4a2e9Eb0cE3606eB48
2024-09-10 21:11:14,349:INFO:Transaction to address: 0xA0b86991c6218b36c1d19D4a2e9Eb0cE3606eB48
2024-09-10 21:11:14,630:INFO:Transaction to address: 0xA0b86991c6218b36c1d19D4a2e9Eb0cE3606eB48
2024-09-10 21:11:14,911:INFO:Transaction to address: 0xA0b86991c6218b36c1d19D4a2e9Eb0cE3606eB48
2024-09-10 21:11:15,177:INFO:Transaction to address: 0xA0b86991c6218b36c1d19D4a2e9Eb0cE3606eB48
2024-09-10 21:11:15,478:INFO:Transaction to address: 0xA0b86991c6218b36c1d19D4a2e9Eb0cE3606eB48
2024-09-10 21:11:15,757:INFO:Transaction to address: 0xA0b86991c6218b36c1d19D4a2e9Eb0cE3606eB48
2024-09-10 21:11:16,019:INFO:Transaction to address: 0xA0b86991c6218b36c1d19D4a2e9Eb0cE3606eB48
2024-09-10 21:11:16,277:INFO:Transaction to address: 0xA0b86991c6218b36c1d19D4a2e9Eb0cE3606eB48
2024-09-10 21:11:16,549:INFO:Transaction to address: 0xA0b86991c6218b36c1d19D4a2e9Eb0cE3606eB48
2024-09-10 21:11:16,856:INFO:Transaction to address: 0xA0b86991c6218b36c1d19D4a2e9Eb0cE3606eB48
2024-09-10 21:11:17,123:INFO:Transaction to address: 0xA0b86991c6218b36c1d19D4a2e9Eb0cE3606eB48
2024-09-10 21:11:17,493:INFO:Transaction to address: 0xA0b86991c6218b36c1d19D4a2e9Eb0cE3606eB48
2024-09-10 21:11:18,171:INFO:Transaction to address: 0xA0b86991c6218b36c1d19D4a2e9Eb0cE3606eB48
2024-09-10 21:11:18,453:INFO:Transaction to address: 0xE52c349318C21AA08D7B28C0f476F29aC4B747d3
2024-09-10 21:11:18,771:INFO:Transaction to address: 0xA0b86991c6218b36c1d19D4a2e9Eb0cE3606eB48
2024-09-10 21:11:19,091:INFO:Transaction to address: 0xA0b86991c6218b36c1d19D4a2e9Eb0cE3606eB48
2024-09-10 21:11:19,354:INFO:Transaction to address: 0xdAC17F958D2ee523a2206206994597C13D831ec7
2024-09-10 21:11:19,644:INFO:Transaction to address: 0xA0b86991c6218b36c1d19D4a2e9Eb0cE3606eB48
2024-09-10 21:11:19,905:INFO:Transaction to address: 0xA0b86991c6218b36c1d19D4a2e9Eb0cE3606eB48
2024-09-10 21:11:20,163:INFO:Transaction to address: 0xdAC17F958D2ee523a2206206994597C13D831ec7
2024-09-10 21:11:20,467:INFO:Transaction to address: 0xA0b86991c6218b36c1d19D4a2e9Eb0cE3606eB48
2024-09-10 21:11:20,733:INFO:Transaction to address: 0xA0b86991c6218b36c1d19D4a2e9Eb0cE3606eB48
2024-09-10 21:11:21,001:INFO:Transaction to address: 0xA0b86991c6218b36c1d19D4a2e9Eb0cE3606eB48
2024-09-10 21:11:21,313:INFO:Transaction to address: 0xdAC17F958D2ee523a2206206994597C13D831ec7
2024-09-10 21:11:21,592:INFO:Transaction to address: 0xA0b86991c6218b36c1d19D4a2e9Eb0cE3606eB48
2024-09-10 21:11:21,873:INFO:Transaction to address: 0xA0b86991c6218b36c1d19D4a2e9Eb0cE3606eB48
2024-09-10 21:11:22,133:INFO:Transaction to address: 0xdAC17F958D2ee523a2206206994597C13D831ec7
2024-09-10 21:11:22,409:INFO:Transaction to address: 0xCcd40e0DbD0C6d01Bf0708337072687ECba9E043
2024-09-10 21:11:22,680:INFO:Transaction to address: 0x6Db87aE139F61a42584C0Df1fb162bA6DB4997Fa
2024-09-10 21:11:22,946:INFO:Transaction to address: 0x43BE2a910f6ABF74E3b1b06d731c3aA9b2946cff
2024-09-10 21:11:23,231:INFO:Transaction to address: 0x3495111008933036F20Ff588314345449892809C
2024-09-10 21:11:23,705:INFO:Transaction to address: 0xdAC17F958D2ee523a2206206994597C13D831ec7
2024-09-10 21:11:23,995:INFO:Transaction to address: 0x7a250d5630B4cF539739dF2C5dAcb4c659F2488D
2024-09-10 21:11:24,279:INFO:Transaction to address: 0xA0b86991c6218b36c1d19D4a2e9Eb0cE3606eB48
2024-09-10 21:11:24,569:INFO:Transaction to address: 0xDEF171Fe48CF0115B1d80b88dc8eAB59176FEe57
2024-09-10 21:11:24,847:INFO:Transaction to address: 0xA9D1e08C7793af67e9d92fe308d5697FB81d3E43
2024-09-10 21:11:25,120:INFO:Transaction to address: 0xdAC17F958D2ee523a2206206994597C13D831ec7
2024-09-10 21:11:25,380:INFO:Transaction to address: 0xdAC17F958D2ee523a2206206994597C13D831ec7
2024-09-10 21:11:25,639:INFO:Transaction to address: 0x08502C7c3c478b2Da4622d5f0A30b93D236eFd72
2024-09-10 21:11:25,941:INFO:Transaction to address: 0xC0b8A37568220af036b11A9424538b26a63A1b1C
2024-09-10 21:11:26,207:INFO:Transaction to address: 0xdAC17F958D2ee523a2206206994597C13D831ec7
2024-09-10 21:11:26,505:INFO:Transaction to address: 0x037C229D70b8E3f286150940DBacD358B8F2D8A7
2024-09-10 21:11:26,784:INFO:Transaction to address: 0xA0b86991c6218b36c1d19D4a2e9Eb0cE3606eB48
2024-09-10 21:11:27,079:INFO:Transaction to address: 0x3fC91A3afd70395Cd496C647d5a6CC9D4B2b7FAD
2024-09-10 21:11:27,344:INFO:Transaction to address: 0x3fC91A3afd70395Cd496C647d5a6CC9D4B2b7FAD
2024-09-10 21:11:27,630:INFO:Transaction to address: 0xceA3a73c1d7201c7945B2ba0685f3c4d89C49B03
2024-09-10 21:11:27,892:INFO:Transaction to address: 0xDFaa75323fB721e5f29D43859390f62Cc4B600b8
2024-09-10 21:11:28,165:INFO:Transaction to address: 0x455e53CBB86018Ac2B8092FdCd39d8444aFFC3F6
2024-09-10 21:11:28,817:INFO:Transaction to address: 0x5560024D9385061F52E95252230C173E3200125A
2024-09-10 21:11:29,090:INFO:Transaction to address: 0xA0b86991c6218b36c1d19D4a2e9Eb0cE3606eB48
2024-09-10 21:11:29,346:INFO:Transaction to address: 0xA0b86991c6218b36c1d19D4a2e9Eb0cE3606eB48
2024-09-10 21:11:29,612:INFO:Transaction to address: 0xdE603148D085A7aca23F476B721a31109e1fA329
2024-09-10 21:11:29,884:INFO:Transaction to address: 0xA0b86991c6218b36c1d19D4a2e9Eb0cE3606eB48
2024-09-10 21:11:30,149:INFO:Transaction to address: 0xe9A814574Eb8588a54CC3328a118A12911f9AcA6
2024-09-10 21:11:30,433:INFO:Transaction to address: 0xC899359bc417769782E1e1f029F0e61b7FCC3F15
2024-09-10 21:11:30,707:INFO:Transaction to address: 0xdAC17F958D2ee523a2206206994597C13D831ec7
2024-09-10 21:11:31,032:INFO:Transaction to address: 0xA0b86991c6218b36c1d19D4a2e9Eb0cE3606eB48
2024-09-10 21:11:31,318:INFO:Transaction to address: 0xA0b86991c6218b36c1d19D4a2e9Eb0cE3606eB48
2024-09-10 21:11:31,576:INFO:Transaction to address: 0xF9C70B6229742D6c9D836A81F0Ce87B64aF773ae
2024-09-10 21:11:31,846:INFO:Transaction to address: 0xf211B655431c10E72C1CAeae37688Ae9f7F7A549
2024-09-10 21:11:32,137:INFO:Transaction to address: 0x15F517FaA71B4BA85c460D3b297a616DA17251bD
2024-09-10 21:11:32,421:INFO:Transaction to address: 0xeC2432a227440139DDF1044c3feA7Ae03203933E
2024-09-10 21:11:32,722:INFO:Transaction to address: 0xFA103c21ea2DF71DFb92B0652F8B1D795e51cdEf
2024-09-10 21:11:32,987:INFO:Transaction to address: 0xb8901acB165ed027E32754E0FFe830802919727f
2024-09-10 21:11:33,262:INFO:Transaction to address: 0x662A41B1E87195DBf63fBDCb42b63F8f51B56DAa
2024-09-10 21:11:33,526:INFO:Transaction to address: 0x695d38EB4e57E0f137e36df7c1f0f2635981246b
2024-09-10 21:11:33,913:INFO:Transaction to address: 0xaC3335C91D10b82F57e05A2C42041fF0B596Ec64
2024-09-10 21:11:34,219:INFO:Transaction to address: 0xC03f31fD86a9077785b7bCf6598Ce3598Fa91113
2024-09-10 21:11:34,490:INFO:Transaction to address: 0xC03f31fD86a9077785b7bCf6598Ce3598Fa91113
2024-09-10 21:11:34,805:INFO:Transaction to address: 0x644bef47db5BeEb8d00dC7DDEA5a924EC2b02Ed1
2024-09-10 21:11:35,079:INFO:Transaction to address: 0xA0b86991c6218b36c1d19D4a2e9Eb0cE3606eB48
2024-09-10 21:11:35,358:INFO:Transaction to address: 0x1c479675ad559DC151F6Ec7ed3FbF8ceE79582B6
2024-09-10 21:11:35,650:INFO:Transaction to address: 0x68d30f47F19c07bCCEf4Ac7FAE2Dc12FCa3e0dC9
2024-09-10 21:11:35,924:INFO:Transaction to address: 0x6F54Ca6F6EdE96662024Ffd61BFd18f3f4e34DFf
2024-09-10 21:11:36,197:INFO:Transaction to address: 0xd6a062CAE6123C158768A5C444CA0896CC60D6B1
